{
  "/home/guhan.k/works/Assignments/Phase_2_Project/src/App.tsx": {
    "path": "/home/guhan.k/works/Assignments/Phase_2_Project/src/App.tsx",
    "all": false,
    "statementMap": {
      "0": {
        "start": { "line": 1, "column": 0 },
        "end": { "line": 1, "column": 42 }
      },
      "1": {
        "start": { "line": 2, "column": 0 },
        "end": { "line": 2, "column": 43 }
      },
      "2": {
        "start": { "line": 3, "column": 0 },
        "end": { "line": 3, "column": 36 }
      },
      "3": {
        "start": { "line": 4, "column": 0 },
        "end": { "line": 4, "column": 19 }
      },
      "4": {
        "start": { "line": 5, "column": 0 },
        "end": { "line": 5, "column": 43 }
      },
      "6": {
        "start": { "line": 7, "column": 0 },
        "end": { "line": 7, "column": 19 }
      },
      "7": {
        "start": { "line": 8, "column": 0 },
        "end": { "line": 8, "column": 10 }
      },
      "8": {
        "start": { "line": 9, "column": 0 },
        "end": { "line": 9, "column": 9 }
      },
      "9": {
        "start": { "line": 10, "column": 0 },
        "end": { "line": 10, "column": 67 }
      },
      "10": {
        "start": { "line": 11, "column": 0 },
        "end": { "line": 11, "column": 18 }
      },
      "12": {
        "start": { "line": 13, "column": 0 },
        "end": { "line": 13, "column": 26 }
      },
      "13": {
        "start": { "line": 14, "column": 0 },
        "end": { "line": 14, "column": 20 }
      },
      "16": {
        "start": { "line": 17, "column": 0 },
        "end": { "line": 17, "column": 18 }
      },
      "20": {
        "start": { "line": 21, "column": 0 },
        "end": { "line": 21, "column": 2 }
      },
      "22": {
        "start": { "line": 23, "column": 0 },
        "end": { "line": 23, "column": 19 }
      }
    },
    "s": {
      "0": 1,
      "1": 1,
      "2": 1,
      "3": 1,
      "4": 1,
      "6": 1,
      "7": 2,
      "8": 2,
      "9": 2,
      "10": 2,
      "12": 2,
      "13": 2,
      "16": 2,
      "20": 2,
      "22": 1
    },
    "branchMap": {
      "0": {
        "type": "branch",
        "line": 7,
        "loc": {
          "start": { "line": 7, "column": 12 },
          "end": { "line": 21, "column": 2 }
        },
        "locations": [
          {
            "start": { "line": 7, "column": 12 },
            "end": { "line": 21, "column": 2 }
          }
        ]
      }
    },
    "b": { "0": [2] },
    "fnMap": {
      "0": {
        "name": "App",
        "decl": {
          "start": { "line": 7, "column": 12 },
          "end": { "line": 21, "column": 2 }
        },
        "loc": {
          "start": { "line": 7, "column": 12 },
          "end": { "line": 21, "column": 2 }
        },
        "line": 7
      }
    },
    "f": { "0": 2 }
  },
  "/home/guhan.k/works/Assignments/Phase_2_Project/src/vite-env.d.ts": {
    "path": "/home/guhan.k/works/Assignments/Phase_2_Project/src/vite-env.d.ts",
    "all": true,
    "statementMap": {
      "0": {
        "start": { "line": 1, "column": 0 },
        "end": { "line": 1, "column": 37 }
      }
    },
    "s": { "0": 0 },
    "branchMap": {
      "0": {
        "type": "branch",
        "line": 1,
        "loc": {
          "start": { "line": 1, "column": 37 },
          "end": { "line": 1, "column": 37 }
        },
        "locations": [
          {
            "start": { "line": 1, "column": 37 },
            "end": { "line": 1, "column": 37 }
          }
        ]
      }
    },
    "b": { "0": [0] },
    "fnMap": {
      "0": {
        "name": "(empty-report)",
        "decl": {
          "start": { "line": 1, "column": 37 },
          "end": { "line": 1, "column": 37 }
        },
        "loc": {
          "start": { "line": 1, "column": 37 },
          "end": { "line": 1, "column": 37 }
        },
        "line": 1
      }
    },
    "f": { "0": 0 }
  },
  "/home/guhan.k/works/Assignments/Phase_2_Project/src/components/AllItemCard.tsx": {
    "path": "/home/guhan.k/works/Assignments/Phase_2_Project/src/components/AllItemCard.tsx",
    "all": false,
    "statementMap": {
      "0": {
        "start": { "line": 1, "column": 0 },
        "end": { "line": 1, "column": 8 }
      },
      "8": {
        "start": { "line": 9, "column": 0 },
        "end": { "line": 9, "column": 68 }
      },
      "20": {
        "start": { "line": 21, "column": 0 },
        "end": { "line": 21, "column": 23 }
      },
      "21": {
        "start": { "line": 22, "column": 0 },
        "end": { "line": 22, "column": 10 }
      },
      "22": {
        "start": { "line": 23, "column": 0 },
        "end": { "line": 23, "column": 29 }
      },
      "23": {
        "start": { "line": 24, "column": 0 },
        "end": { "line": 24, "column": 18 }
      },
      "24": {
        "start": { "line": 25, "column": 0 },
        "end": { "line": 25, "column": 10 }
      },
      "25": {
        "start": { "line": 26, "column": 0 },
        "end": { "line": 26, "column": 22 }
      },
      "26": {
        "start": { "line": 27, "column": 0 },
        "end": { "line": 27, "column": 22 }
      },
      "27": {
        "start": { "line": 28, "column": 0 },
        "end": { "line": 28, "column": 26 }
      },
      "28": {
        "start": { "line": 29, "column": 0 },
        "end": { "line": 29, "column": 10 }
      },
      "29": {
        "start": { "line": 30, "column": 0 },
        "end": { "line": 30, "column": 9 }
      },
      "30": {
        "start": { "line": 31, "column": 0 },
        "end": { "line": 31, "column": 23 }
      },
      "31": {
        "start": { "line": 32, "column": 0 },
        "end": { "line": 32, "column": 11 }
      },
      "32": {
        "start": { "line": 33, "column": 0 },
        "end": { "line": 33, "column": 23 }
      },
      "33": {
        "start": { "line": 34, "column": 0 },
        "end": { "line": 34, "column": 24 }
      },
      "34": {
        "start": { "line": 35, "column": 0 },
        "end": { "line": 35, "column": 32 }
      },
      "35": {
        "start": { "line": 36, "column": 0 },
        "end": { "line": 36, "column": 26 }
      },
      "36": {
        "start": { "line": 37, "column": 0 },
        "end": { "line": 37, "column": 8 }
      },
      "38": {
        "start": { "line": 39, "column": 0 },
        "end": { "line": 39, "column": 40 }
      },
      "39": {
        "start": { "line": 40, "column": 0 },
        "end": { "line": 40, "column": 18 }
      },
      "40": {
        "start": { "line": 41, "column": 0 },
        "end": { "line": 41, "column": 25 }
      },
      "41": {
        "start": { "line": 42, "column": 0 },
        "end": { "line": 42, "column": 43 }
      },
      "42": {
        "start": { "line": 43, "column": 0 },
        "end": { "line": 43, "column": 29 }
      },
      "43": {
        "start": { "line": 44, "column": 0 },
        "end": { "line": 44, "column": 22 }
      },
      "46": {
        "start": { "line": 47, "column": 0 },
        "end": { "line": 47, "column": 36 }
      },
      "47": {
        "start": { "line": 48, "column": 0 },
        "end": { "line": 48, "column": 79 }
      },
      "48": {
        "start": { "line": 49, "column": 0 },
        "end": { "line": 49, "column": 52 }
      },
      "49": {
        "start": { "line": 50, "column": 0 },
        "end": { "line": 50, "column": 27 }
      },
      "51": {
        "start": { "line": 52, "column": 0 },
        "end": { "line": 52, "column": 34 }
      },
      "52": {
        "start": { "line": 53, "column": 0 },
        "end": { "line": 53, "column": 23 }
      },
      "53": {
        "start": { "line": 54, "column": 0 },
        "end": { "line": 54, "column": 43 }
      },
      "54": {
        "start": { "line": 55, "column": 0 },
        "end": { "line": 55, "column": 31 }
      },
      "55": {
        "start": { "line": 56, "column": 0 },
        "end": { "line": 56, "column": 70 }
      },
      "56": {
        "start": { "line": 57, "column": 0 },
        "end": { "line": 57, "column": 16 }
      },
      "58": {
        "start": { "line": 59, "column": 0 },
        "end": { "line": 59, "column": 50 }
      },
      "63": {
        "start": { "line": 64, "column": 0 },
        "end": { "line": 64, "column": 26 }
      },
      "64": {
        "start": { "line": 65, "column": 0 },
        "end": { "line": 65, "column": 45 }
      },
      "65": {
        "start": { "line": 66, "column": 0 },
        "end": { "line": 66, "column": 30 }
      },
      "69": {
        "start": { "line": 70, "column": 0 },
        "end": { "line": 70, "column": 26 }
      },
      "70": {
        "start": { "line": 71, "column": 0 },
        "end": { "line": 71, "column": 22 }
      },
      "71": {
        "start": { "line": 72, "column": 0 },
        "end": { "line": 72, "column": 65 }
      },
      "72": {
        "start": { "line": 73, "column": 0 },
        "end": { "line": 73, "column": 30 }
      },
      "74": {
        "start": { "line": 75, "column": 0 },
        "end": { "line": 75, "column": 18 }
      },
      "75": {
        "start": { "line": 76, "column": 0 },
        "end": { "line": 76, "column": 65 }
      },
      "76": {
        "start": { "line": 77, "column": 0 },
        "end": { "line": 77, "column": 69 }
      },
      "83": {
        "start": { "line": 84, "column": 0 },
        "end": { "line": 84, "column": 2 }
      },
      "85": {
        "start": { "line": 86, "column": 0 },
        "end": { "line": 86, "column": 28 }
      }
    },
    "s": {
      "0": 1,
      "8": 1,
      "20": 1,
      "21": 9,
      "22": 9,
      "23": 9,
      "24": 9,
      "25": 9,
      "26": 9,
      "27": 9,
      "28": 9,
      "29": 9,
      "30": 9,
      "31": 9,
      "32": 9,
      "33": 9,
      "34": 9,
      "35": 9,
      "36": 9,
      "38": 9,
      "39": 9,
      "40": 9,
      "41": 9,
      "42": 9,
      "43": 9,
      "46": 9,
      "47": 9,
      "48": 9,
      "49": 9,
      "51": 9,
      "52": 9,
      "53": 9,
      "54": 9,
      "55": 2,
      "56": 2,
      "58": 9,
      "63": 9,
      "64": 9,
      "65": 9,
      "69": 9,
      "70": 9,
      "71": 9,
      "72": 9,
      "74": 9,
      "75": 9,
      "76": 9,
      "83": 9,
      "85": 1
    },
    "branchMap": {
      "0": {
        "type": "branch",
        "line": 21,
        "loc": {
          "start": { "line": 21, "column": 21 },
          "end": { "line": 84, "column": 2 }
        },
        "locations": [
          {
            "start": { "line": 21, "column": 21 },
            "end": { "line": 84, "column": 2 }
          }
        ]
      },
      "1": {
        "type": "branch",
        "line": 39,
        "loc": {
          "start": { "line": 39, "column": 25 },
          "end": { "line": 39, "column": 40 }
        },
        "locations": [
          {
            "start": { "line": 39, "column": 25 },
            "end": { "line": 39, "column": 40 }
          }
        ]
      },
      "2": {
        "type": "branch",
        "line": 55,
        "loc": {
          "start": { "line": 55, "column": 23 },
          "end": { "line": 57, "column": 16 }
        },
        "locations": [
          {
            "start": { "line": 55, "column": 23 },
            "end": { "line": 57, "column": 16 }
          }
        ]
      }
    },
    "b": { "0": [9], "1": [6], "2": [2] },
    "fnMap": {
      "0": {
        "name": "AllItemsCard",
        "decl": {
          "start": { "line": 21, "column": 21 },
          "end": { "line": 84, "column": 2 }
        },
        "loc": {
          "start": { "line": 21, "column": 21 },
          "end": { "line": 84, "column": 2 }
        },
        "line": 21
      },
      "1": {
        "name": "onClick",
        "decl": {
          "start": { "line": 55, "column": 23 },
          "end": { "line": 57, "column": 16 }
        },
        "loc": {
          "start": { "line": 55, "column": 23 },
          "end": { "line": 57, "column": 16 }
        },
        "line": 55
      }
    },
    "f": { "0": 9, "1": 2 }
  },
  "/home/guhan.k/works/Assignments/Phase_2_Project/src/components/CompactNewsGrid.tsx": {
    "path": "/home/guhan.k/works/Assignments/Phase_2_Project/src/components/CompactNewsGrid.tsx",
    "all": false,
    "statementMap": {
      "0": {
        "start": { "line": 1, "column": 0 },
        "end": { "line": 1, "column": 8 }
      },
      "8": {
        "start": { "line": 9, "column": 0 },
        "end": { "line": 9, "column": 47 }
      },
      "10": {
        "start": { "line": 11, "column": 0 },
        "end": { "line": 11, "column": 26 }
      },
      "16": {
        "start": { "line": 17, "column": 0 },
        "end": { "line": 17, "column": 65 }
      },
      "17": {
        "start": { "line": 18, "column": 0 },
        "end": { "line": 18, "column": 33 }
      },
      "19": {
        "start": { "line": 20, "column": 0 },
        "end": { "line": 20, "column": 63 }
      },
      "20": {
        "start": { "line": 21, "column": 0 },
        "end": { "line": 21, "column": 58 }
      },
      "21": {
        "start": { "line": 22, "column": 0 },
        "end": { "line": 22, "column": 4 }
      },
      "23": {
        "start": { "line": 24, "column": 0 },
        "end": { "line": 24, "column": 10 }
      },
      "24": {
        "start": { "line": 25, "column": 0 },
        "end": { "line": 25, "column": 32 }
      },
      "25": {
        "start": { "line": 26, "column": 0 },
        "end": { "line": 26, "column": 41 }
      },
      "26": {
        "start": { "line": 27, "column": 0 },
        "end": { "line": 27, "column": 59 }
      },
      "27": {
        "start": { "line": 28, "column": 0 },
        "end": { "line": 28, "column": 15 }
      },
      "28": {
        "start": { "line": 29, "column": 0 },
        "end": { "line": 29, "column": 55 }
      },
      "29": {
        "start": { "line": 30, "column": 0 },
        "end": { "line": 30, "column": 17 }
      },
      "30": {
        "start": { "line": 31, "column": 0 },
        "end": { "line": 31, "column": 32 }
      },
      "31": {
        "start": { "line": 32, "column": 0 },
        "end": { "line": 32, "column": 29 }
      },
      "32": {
        "start": { "line": 33, "column": 0 },
        "end": { "line": 33, "column": 50 }
      },
      "33": {
        "start": { "line": 34, "column": 0 },
        "end": { "line": 34, "column": 35 }
      },
      "34": {
        "start": { "line": 35, "column": 0 },
        "end": { "line": 35, "column": 72 }
      },
      "35": {
        "start": { "line": 36, "column": 0 },
        "end": { "line": 36, "column": 49 }
      },
      "36": {
        "start": { "line": 37, "column": 0 },
        "end": { "line": 37, "column": 26 }
      },
      "37": {
        "start": { "line": 38, "column": 0 },
        "end": { "line": 38, "column": 57 }
      },
      "38": {
        "start": { "line": 39, "column": 0 },
        "end": { "line": 39, "column": 41 }
      },
      "39": {
        "start": { "line": 40, "column": 0 },
        "end": { "line": 40, "column": 16 }
      },
      "40": {
        "start": { "line": 41, "column": 0 },
        "end": { "line": 41, "column": 14 }
      },
      "42": {
        "start": { "line": 43, "column": 0 },
        "end": { "line": 43, "column": 22 }
      },
      "43": {
        "start": { "line": 44, "column": 0 },
        "end": { "line": 44, "column": 29 }
      },
      "44": {
        "start": { "line": 45, "column": 0 },
        "end": { "line": 45, "column": 80 }
      },
      "45": {
        "start": { "line": 46, "column": 0 },
        "end": { "line": 46, "column": 26 }
      },
      "46": {
        "start": { "line": 47, "column": 0 },
        "end": { "line": 47, "column": 33 }
      },
      "49": {
        "start": { "line": 50, "column": 0 },
        "end": { "line": 50, "column": 25 }
      },
      "50": {
        "start": { "line": 51, "column": 0 },
        "end": { "line": 51, "column": 34 }
      },
      "51": {
        "start": { "line": 52, "column": 0 },
        "end": { "line": 52, "column": 21 }
      },
      "52": {
        "start": { "line": 53, "column": 0 },
        "end": { "line": 53, "column": 30 }
      },
      "53": {
        "start": { "line": 54, "column": 0 },
        "end": { "line": 54, "column": 30 }
      },
      "54": {
        "start": { "line": 55, "column": 0 },
        "end": { "line": 55, "column": 23 }
      },
      "55": {
        "start": { "line": 56, "column": 0 },
        "end": { "line": 56, "column": 41 }
      },
      "56": {
        "start": { "line": 57, "column": 0 },
        "end": { "line": 57, "column": 27 }
      },
      "57": {
        "start": { "line": 58, "column": 0 },
        "end": { "line": 58, "column": 29 }
      },
      "58": {
        "start": { "line": 59, "column": 0 },
        "end": { "line": 59, "column": 63 }
      },
      "59": {
        "start": { "line": 60, "column": 0 },
        "end": { "line": 60, "column": 59 }
      },
      "60": {
        "start": { "line": 61, "column": 0 },
        "end": { "line": 61, "column": 36 }
      },
      "61": {
        "start": { "line": 62, "column": 0 },
        "end": { "line": 62, "column": 20 }
      },
      "65": {
        "start": { "line": 66, "column": 0 },
        "end": { "line": 66, "column": 25 }
      },
      "66": {
        "start": { "line": 67, "column": 0 },
        "end": { "line": 67, "column": 35 }
      },
      "67": {
        "start": { "line": 68, "column": 0 },
        "end": { "line": 68, "column": 22 }
      },
      "68": {
        "start": { "line": 69, "column": 0 },
        "end": { "line": 69, "column": 28 }
      },
      "69": {
        "start": { "line": 70, "column": 0 },
        "end": { "line": 70, "column": 21 }
      },
      "70": {
        "start": { "line": 71, "column": 0 },
        "end": { "line": 71, "column": 69 }
      },
      "71": {
        "start": { "line": 72, "column": 0 },
        "end": { "line": 72, "column": 66 }
      },
      "72": {
        "start": { "line": 73, "column": 0 },
        "end": { "line": 73, "column": 60 }
      },
      "73": {
        "start": { "line": 74, "column": 0 },
        "end": { "line": 74, "column": 18 }
      },
      "75": {
        "start": { "line": 76, "column": 0 },
        "end": { "line": 76, "column": 31 }
      },
      "78": {
        "start": { "line": 79, "column": 0 },
        "end": { "line": 79, "column": 25 }
      },
      "79": {
        "start": { "line": 80, "column": 0 },
        "end": { "line": 80, "column": 31 }
      },
      "80": {
        "start": { "line": 81, "column": 0 },
        "end": { "line": 81, "column": 38 }
      },
      "81": {
        "start": { "line": 82, "column": 0 },
        "end": { "line": 82, "column": 22 }
      },
      "82": {
        "start": { "line": 83, "column": 0 },
        "end": { "line": 83, "column": 21 }
      },
      "83": {
        "start": { "line": 84, "column": 0 },
        "end": { "line": 84, "column": 66 }
      },
      "84": {
        "start": { "line": 85, "column": 0 },
        "end": { "line": 85, "column": 18 }
      },
      "86": {
        "start": { "line": 87, "column": 0 },
        "end": { "line": 87, "column": 34 }
      },
      "94": {
        "start": { "line": 95, "column": 0 },
        "end": { "line": 95, "column": 2 }
      },
      "96": {
        "start": { "line": 97, "column": 0 },
        "end": { "line": 97, "column": 34 }
      },
      "97": {
        "start": { "line": 98, "column": 0 },
        "end": { "line": 98, "column": 43 }
      }
    },
    "s": {
      "0": 1,
      "8": 1,
      "10": 1,
      "16": 1,
      "17": 3,
      "19": 3,
      "20": 1,
      "21": 1,
      "23": 3,
      "24": 3,
      "25": 3,
      "26": 3,
      "27": 3,
      "28": 3,
      "29": 3,
      "30": 3,
      "31": 3,
      "32": 3,
      "33": 3,
      "34": 3,
      "35": 3,
      "36": 3,
      "37": 3,
      "38": 3,
      "39": 3,
      "40": 3,
      "42": 3,
      "43": 3,
      "44": 3,
      "45": 3,
      "46": 3,
      "49": 3,
      "50": 3,
      "51": 3,
      "52": 3,
      "53": 3,
      "54": 3,
      "55": 3,
      "56": 3,
      "57": 3,
      "58": 3,
      "59": 3,
      "60": 3,
      "61": 3,
      "65": 3,
      "66": 3,
      "67": 3,
      "68": 3,
      "69": 3,
      "70": 3,
      "71": 3,
      "72": 3,
      "73": 3,
      "75": 3,
      "78": 3,
      "79": 3,
      "80": 3,
      "81": 3,
      "82": 3,
      "83": 3,
      "84": 3,
      "86": 3,
      "94": 3,
      "96": 1,
      "97": 1
    },
    "branchMap": {
      "0": {
        "type": "branch",
        "line": 17,
        "loc": {
          "start": { "line": 17, "column": 24 },
          "end": { "line": 95, "column": 2 }
        },
        "locations": [
          {
            "start": { "line": 17, "column": 24 },
            "end": { "line": 95, "column": 2 }
          }
        ]
      },
      "1": {
        "type": "branch",
        "line": 20,
        "loc": {
          "start": { "line": 20, "column": 22 },
          "end": { "line": 22, "column": 4 }
        },
        "locations": [
          {
            "start": { "line": 20, "column": 22 },
            "end": { "line": 22, "column": 4 }
          }
        ]
      },
      "2": {
        "type": "branch",
        "line": 35,
        "loc": {
          "start": { "line": 35, "column": 40 },
          "end": { "line": 35, "column": 65 }
        },
        "locations": [
          {
            "start": { "line": 35, "column": 40 },
            "end": { "line": 35, "column": 65 }
          }
        ]
      },
      "3": {
        "type": "branch",
        "line": 35,
        "loc": {
          "start": { "line": 35, "column": 43 },
          "end": { "line": 35, "column": 72 }
        },
        "locations": [
          {
            "start": { "line": 35, "column": 43 },
            "end": { "line": 35, "column": 72 }
          }
        ]
      },
      "4": {
        "type": "branch",
        "line": 45,
        "loc": {
          "start": { "line": 45, "column": 44 },
          "end": { "line": 45, "column": 53 }
        },
        "locations": [
          {
            "start": { "line": 45, "column": 44 },
            "end": { "line": 45, "column": 53 }
          }
        ]
      },
      "5": {
        "type": "branch",
        "line": 45,
        "loc": {
          "start": { "line": 45, "column": 46 },
          "end": { "line": 45, "column": 80 }
        },
        "locations": [
          {
            "start": { "line": 45, "column": 46 },
            "end": { "line": 45, "column": 80 }
          }
        ]
      },
      "6": {
        "type": "branch",
        "line": 71,
        "loc": {
          "start": { "line": 71, "column": 39 },
          "end": { "line": 71, "column": 54 }
        },
        "locations": [
          {
            "start": { "line": 71, "column": 39 },
            "end": { "line": 71, "column": 54 }
          }
        ]
      },
      "7": {
        "type": "branch",
        "line": 71,
        "loc": {
          "start": { "line": 71, "column": 42 },
          "end": { "line": 71, "column": 69 }
        },
        "locations": [
          {
            "start": { "line": 71, "column": 42 },
            "end": { "line": 71, "column": 69 }
          }
        ]
      },
      "8": {
        "type": "branch",
        "line": 72,
        "loc": {
          "start": { "line": 72, "column": 43 },
          "end": { "line": 72, "column": 57 }
        },
        "locations": [
          {
            "start": { "line": 72, "column": 43 },
            "end": { "line": 72, "column": 57 }
          }
        ]
      },
      "9": {
        "type": "branch",
        "line": 72,
        "loc": {
          "start": { "line": 72, "column": 46 },
          "end": { "line": 72, "column": 66 }
        },
        "locations": [
          {
            "start": { "line": 72, "column": 46 },
            "end": { "line": 72, "column": 66 }
          }
        ]
      },
      "10": {
        "type": "branch",
        "line": 73,
        "loc": {
          "start": { "line": 73, "column": 44 },
          "end": { "line": 73, "column": 53 }
        },
        "locations": [
          {
            "start": { "line": 73, "column": 44 },
            "end": { "line": 73, "column": 53 }
          }
        ]
      },
      "11": {
        "type": "branch",
        "line": 73,
        "loc": {
          "start": { "line": 73, "column": 47 },
          "end": { "line": 73, "column": 60 }
        },
        "locations": [
          {
            "start": { "line": 73, "column": 47 },
            "end": { "line": 73, "column": 60 }
          }
        ]
      },
      "12": {
        "type": "branch",
        "line": 84,
        "loc": {
          "start": { "line": 84, "column": 43 },
          "end": { "line": 84, "column": 57 }
        },
        "locations": [
          {
            "start": { "line": 84, "column": 43 },
            "end": { "line": 84, "column": 57 }
          }
        ]
      },
      "13": {
        "type": "branch",
        "line": 84,
        "loc": {
          "start": { "line": 84, "column": 46 },
          "end": { "line": 84, "column": 66 }
        },
        "locations": [
          {
            "start": { "line": 84, "column": 46 },
            "end": { "line": 84, "column": 66 }
          }
        ]
      },
      "14": {
        "type": "branch",
        "line": 29,
        "loc": {
          "start": { "line": 29, "column": 21 },
          "end": { "line": 29, "column": 55 }
        },
        "locations": [
          {
            "start": { "line": 29, "column": 21 },
            "end": { "line": 29, "column": 55 }
          }
        ]
      }
    },
    "b": {
      "0": [3],
      "1": [1],
      "2": [3],
      "3": [3],
      "4": [3],
      "5": [3],
      "6": [3],
      "7": [3],
      "8": [3],
      "9": [3],
      "10": [3],
      "11": [3],
      "12": [3],
      "13": [3],
      "14": [1]
    },
    "fnMap": {
      "0": {
        "name": "CompactNewsGrid",
        "decl": {
          "start": { "line": 17, "column": 24 },
          "end": { "line": 95, "column": 2 }
        },
        "loc": {
          "start": { "line": 17, "column": 24 },
          "end": { "line": 95, "column": 2 }
        },
        "line": 17
      },
      "1": {
        "name": "handleClick",
        "decl": {
          "start": { "line": 20, "column": 22 },
          "end": { "line": 22, "column": 4 }
        },
        "loc": {
          "start": { "line": 20, "column": 22 },
          "end": { "line": 22, "column": 4 }
        },
        "line": 20
      },
      "2": {
        "name": "onClick",
        "decl": {
          "start": { "line": 29, "column": 21 },
          "end": { "line": 29, "column": 55 }
        },
        "loc": {
          "start": { "line": 29, "column": 21 },
          "end": { "line": 29, "column": 55 }
        },
        "line": 29
      }
    },
    "f": { "0": 3, "1": 1, "2": 1 }
  },
  "/home/guhan.k/works/Assignments/Phase_2_Project/src/components/FeaturedNewsCard.tsx": {
    "path": "/home/guhan.k/works/Assignments/Phase_2_Project/src/components/FeaturedNewsCard.tsx",
    "all": false,
    "statementMap": {
      "0": {
        "start": { "line": 1, "column": 0 },
        "end": { "line": 1, "column": 8 }
      },
      "8": {
        "start": { "line": 9, "column": 0 },
        "end": { "line": 9, "column": 47 }
      },
      "10": {
        "start": { "line": 11, "column": 0 },
        "end": { "line": 11, "column": 26 }
      },
      "17": {
        "start": { "line": 18, "column": 0 },
        "end": { "line": 18, "column": 57 }
      },
      "18": {
        "start": { "line": 19, "column": 0 },
        "end": { "line": 19, "column": 27 }
      },
      "19": {
        "start": { "line": 20, "column": 0 },
        "end": { "line": 20, "column": 63 }
      },
      "20": {
        "start": { "line": 21, "column": 0 },
        "end": { "line": 21, "column": 45 }
      },
      "21": {
        "start": { "line": 22, "column": 0 },
        "end": { "line": 22, "column": 33 }
      },
      "23": {
        "start": { "line": 24, "column": 0 },
        "end": { "line": 24, "column": 29 }
      },
      "24": {
        "start": { "line": 25, "column": 0 },
        "end": { "line": 25, "column": 58 }
      },
      "25": {
        "start": { "line": 26, "column": 0 },
        "end": { "line": 26, "column": 4 }
      },
      "27": {
        "start": { "line": 28, "column": 0 },
        "end": { "line": 28, "column": 10 }
      },
      "28": {
        "start": { "line": 29, "column": 0 },
        "end": { "line": 29, "column": 9 }
      },
      "29": {
        "start": { "line": 30, "column": 0 },
        "end": { "line": 30, "column": 27 }
      },
      "30": {
        "start": { "line": 31, "column": 0 },
        "end": { "line": 31, "column": 11 }
      },
      "31": {
        "start": { "line": 32, "column": 0 },
        "end": { "line": 32, "column": 24 }
      },
      "32": {
        "start": { "line": 33, "column": 0 },
        "end": { "line": 33, "column": 32 }
      },
      "33": {
        "start": { "line": 34, "column": 0 },
        "end": { "line": 34, "column": 23 }
      },
      "34": {
        "start": { "line": 35, "column": 0 },
        "end": { "line": 35, "column": 26 }
      },
      "35": {
        "start": { "line": 36, "column": 0 },
        "end": { "line": 36, "column": 37 }
      },
      "36": {
        "start": { "line": 37, "column": 0 },
        "end": { "line": 37, "column": 20 }
      },
      "37": {
        "start": { "line": 38, "column": 0 },
        "end": { "line": 38, "column": 35 }
      },
      "38": {
        "start": { "line": 39, "column": 0 },
        "end": { "line": 39, "column": 10 }
      },
      "39": {
        "start": { "line": 40, "column": 0 },
        "end": { "line": 40, "column": 8 }
      },
      "41": {
        "start": { "line": 42, "column": 0 },
        "end": { "line": 42, "column": 17 }
      },
      "42": {
        "start": { "line": 43, "column": 0 },
        "end": { "line": 43, "column": 18 }
      },
      "43": {
        "start": { "line": 44, "column": 0 },
        "end": { "line": 44, "column": 25 }
      },
      "44": {
        "start": { "line": 45, "column": 0 },
        "end": { "line": 45, "column": 43 }
      },
      "45": {
        "start": { "line": 46, "column": 0 },
        "end": { "line": 46, "column": 23 }
      },
      "46": {
        "start": { "line": 47, "column": 0 },
        "end": { "line": 47, "column": 29 }
      },
      "49": {
        "start": { "line": 50, "column": 0 },
        "end": { "line": 50, "column": 19 }
      },
      "50": {
        "start": { "line": 51, "column": 0 },
        "end": { "line": 51, "column": 70 }
      },
      "51": {
        "start": { "line": 52, "column": 0 },
        "end": { "line": 52, "column": 25 }
      },
      "53": {
        "start": { "line": 54, "column": 0 },
        "end": { "line": 54, "column": 43 }
      },
      "54": {
        "start": { "line": 55, "column": 0 },
        "end": { "line": 55, "column": 28 }
      },
      "59": {
        "start": { "line": 60, "column": 0 },
        "end": { "line": 60, "column": 2 }
      },
      "61": {
        "start": { "line": 62, "column": 0 },
        "end": { "line": 62, "column": 44 }
      }
    },
    "s": {
      "0": 1,
      "8": 1,
      "10": 1,
      "17": 1,
      "18": 3,
      "19": 3,
      "20": 3,
      "21": 3,
      "23": 3,
      "24": 1,
      "25": 1,
      "27": 3,
      "28": 3,
      "29": 3,
      "30": 3,
      "31": 3,
      "32": 3,
      "33": 3,
      "34": 3,
      "35": 3,
      "36": 3,
      "37": 3,
      "38": 3,
      "39": 3,
      "41": 3,
      "42": 3,
      "43": 3,
      "44": 3,
      "45": 3,
      "46": 3,
      "49": 3,
      "50": 3,
      "51": 3,
      "53": 3,
      "54": 3,
      "59": 3,
      "61": 1
    },
    "branchMap": {
      "0": {
        "type": "branch",
        "line": 18,
        "loc": {
          "start": { "line": 18, "column": 25 },
          "end": { "line": 60, "column": 2 }
        },
        "locations": [
          {
            "start": { "line": 18, "column": 25 },
            "end": { "line": 60, "column": 2 }
          }
        ]
      },
      "1": {
        "type": "branch",
        "line": 45,
        "loc": {
          "start": { "line": 45, "column": 18 },
          "end": { "line": 45, "column": 37 }
        },
        "locations": [
          {
            "start": { "line": 45, "column": 18 },
            "end": { "line": 45, "column": 37 }
          }
        ]
      },
      "2": {
        "type": "branch",
        "line": 51,
        "loc": {
          "start": { "line": 51, "column": 29 },
          "end": { "line": 51, "column": 47 }
        },
        "locations": [
          {
            "start": { "line": 51, "column": 29 },
            "end": { "line": 51, "column": 47 }
          }
        ]
      },
      "3": {
        "type": "branch",
        "line": 24,
        "loc": {
          "start": { "line": 24, "column": 22 },
          "end": { "line": 26, "column": 4 }
        },
        "locations": [
          {
            "start": { "line": 24, "column": 22 },
            "end": { "line": 26, "column": 4 }
          }
        ]
      }
    },
    "b": { "0": [3], "1": [0], "2": [0], "3": [1] },
    "fnMap": {
      "0": {
        "name": "FeaturedNewsCard",
        "decl": {
          "start": { "line": 18, "column": 25 },
          "end": { "line": 60, "column": 2 }
        },
        "loc": {
          "start": { "line": 18, "column": 25 },
          "end": { "line": 60, "column": 2 }
        },
        "line": 18
      },
      "1": {
        "name": "handleClick",
        "decl": {
          "start": { "line": 24, "column": 22 },
          "end": { "line": 26, "column": 4 }
        },
        "loc": {
          "start": { "line": 24, "column": 22 },
          "end": { "line": 26, "column": 4 }
        },
        "line": 24
      }
    },
    "f": { "0": 3, "1": 1 }
  },
  "/home/guhan.k/works/Assignments/Phase_2_Project/src/components/NewsFilterBar.tsx": {
    "path": "/home/guhan.k/works/Assignments/Phase_2_Project/src/components/NewsFilterBar.tsx",
    "all": false,
    "statementMap": {
      "0": {
        "start": { "line": 1, "column": 0 },
        "end": { "line": 1, "column": 8 }
      },
      "11": {
        "start": { "line": 12, "column": 0 },
        "end": { "line": 12, "column": 26 }
      },
      "28": {
        "start": { "line": 29, "column": 0 },
        "end": { "line": 29, "column": 24 }
      },
      "29": {
        "start": { "line": 30, "column": 0 },
        "end": { "line": 30, "column": 12 }
      },
      "30": {
        "start": { "line": 31, "column": 0 },
        "end": { "line": 31, "column": 20 }
      },
      "31": {
        "start": { "line": 32, "column": 0 },
        "end": { "line": 32, "column": 10 }
      },
      "32": {
        "start": { "line": 33, "column": 0 },
        "end": { "line": 33, "column": 18 }
      },
      "33": {
        "start": { "line": 34, "column": 0 },
        "end": { "line": 34, "column": 27 }
      },
      "34": {
        "start": { "line": 35, "column": 0 },
        "end": { "line": 35, "column": 27 }
      },
      "35": {
        "start": { "line": 36, "column": 0 },
        "end": { "line": 36, "column": 63 }
      },
      "37": {
        "start": { "line": 38, "column": 0 },
        "end": { "line": 38, "column": 24 }
      },
      "38": {
        "start": { "line": 39, "column": 0 },
        "end": { "line": 39, "column": 6 }
      },
      "42": {
        "start": { "line": 43, "column": 0 },
        "end": { "line": 43, "column": 37 }
      },
      "43": {
        "start": { "line": 44, "column": 0 },
        "end": { "line": 44, "column": 51 }
      },
      "44": {
        "start": { "line": 45, "column": 0 },
        "end": { "line": 45, "column": 4 }
      },
      "46": {
        "start": { "line": 47, "column": 0 },
        "end": { "line": 47, "column": 10 }
      },
      "47": {
        "start": { "line": 48, "column": 0 },
        "end": { "line": 48, "column": 10 }
      },
      "48": {
        "start": { "line": 49, "column": 0 },
        "end": { "line": 49, "column": 45 }
      },
      "49": {
        "start": { "line": 50, "column": 0 },
        "end": { "line": 50, "column": 17 }
      },
      "50": {
        "start": { "line": 51, "column": 0 },
        "end": { "line": 51, "column": 21 }
      },
      "51": {
        "start": { "line": 52, "column": 0 },
        "end": { "line": 52, "column": 25 }
      },
      "52": {
        "start": { "line": 53, "column": 0 },
        "end": { "line": 53, "column": 12 }
      },
      "55": {
        "start": { "line": 56, "column": 0 },
        "end": { "line": 56, "column": 63 }
      },
      "56": {
        "start": { "line": 57, "column": 0 },
        "end": { "line": 57, "column": 43 }
      },
      "57": {
        "start": { "line": 58, "column": 0 },
        "end": { "line": 58, "column": 15 }
      },
      "58": {
        "start": { "line": 59, "column": 0 },
        "end": { "line": 59, "column": 26 }
      },
      "59": {
        "start": { "line": 60, "column": 0 },
        "end": { "line": 60, "column": 27 }
      },
      "60": {
        "start": { "line": 61, "column": 0 },
        "end": { "line": 61, "column": 28 }
      },
      "61": {
        "start": { "line": 62, "column": 0 },
        "end": { "line": 62, "column": 61 }
      },
      "63": {
        "start": { "line": 64, "column": 0 },
        "end": { "line": 64, "column": 54 }
      },
      "64": {
        "start": { "line": 65, "column": 0 },
        "end": { "line": 65, "column": 56 }
      },
      "70": {
        "start": { "line": 71, "column": 0 },
        "end": { "line": 71, "column": 31 }
      },
      "71": {
        "start": { "line": 72, "column": 0 },
        "end": { "line": 72, "column": 65 }
      },
      "72": {
        "start": { "line": 73, "column": 0 },
        "end": { "line": 73, "column": 42 }
      },
      "73": {
        "start": { "line": 74, "column": 0 },
        "end": { "line": 74, "column": 17 }
      },
      "74": {
        "start": { "line": 75, "column": 0 },
        "end": { "line": 75, "column": 26 }
      },
      "75": {
        "start": { "line": 76, "column": 0 },
        "end": { "line": 76, "column": 41 }
      },
      "76": {
        "start": { "line": 77, "column": 0 },
        "end": { "line": 77, "column": 27 }
      },
      "77": {
        "start": { "line": 78, "column": 0 },
        "end": { "line": 78, "column": 35 }
      },
      "79": {
        "start": { "line": 80, "column": 0 },
        "end": { "line": 80, "column": 45 }
      },
      "80": {
        "start": { "line": 81, "column": 0 },
        "end": { "line": 81, "column": 52 }
      },
      "81": {
        "start": { "line": 82, "column": 0 },
        "end": { "line": 82, "column": 48 }
      },
      "82": {
        "start": { "line": 83, "column": 0 },
        "end": { "line": 83, "column": 58 }
      },
      "83": {
        "start": { "line": 84, "column": 0 },
        "end": { "line": 84, "column": 54 }
      },
      "84": {
        "start": { "line": 85, "column": 0 },
        "end": { "line": 85, "column": 50 }
      },
      "85": {
        "start": { "line": 86, "column": 0 },
        "end": { "line": 86, "column": 56 }
      },
      "91": {
        "start": { "line": 92, "column": 0 },
        "end": { "line": 92, "column": 36 }
      },
      "92": {
        "start": { "line": 93, "column": 0 },
        "end": { "line": 93, "column": 10 }
      },
      "93": {
        "start": { "line": 94, "column": 0 },
        "end": { "line": 94, "column": 20 }
      },
      "94": {
        "start": { "line": 95, "column": 0 },
        "end": { "line": 95, "column": 23 }
      },
      "95": {
        "start": { "line": 96, "column": 0 },
        "end": { "line": 96, "column": 24 }
      },
      "96": {
        "start": { "line": 97, "column": 0 },
        "end": { "line": 97, "column": 25 }
      },
      "97": {
        "start": { "line": 98, "column": 0 },
        "end": { "line": 98, "column": 38 }
      },
      "98": {
        "start": { "line": 99, "column": 0 },
        "end": { "line": 99, "column": 35 }
      },
      "99": {
        "start": { "line": 100, "column": 0 },
        "end": { "line": 100, "column": 32 }
      },
      "100": {
        "start": { "line": 101, "column": 0 },
        "end": { "line": 101, "column": 34 }
      },
      "102": {
        "start": { "line": 103, "column": 0 },
        "end": { "line": 103, "column": 20 }
      },
      "103": {
        "start": { "line": 104, "column": 0 },
        "end": { "line": 104, "column": 24 }
      },
      "104": {
        "start": { "line": 105, "column": 0 },
        "end": { "line": 105, "column": 25 }
      },
      "105": {
        "start": { "line": 106, "column": 0 },
        "end": { "line": 106, "column": 25 }
      },
      "106": {
        "start": { "line": 107, "column": 0 },
        "end": { "line": 107, "column": 39 }
      },
      "107": {
        "start": { "line": 108, "column": 0 },
        "end": { "line": 108, "column": 35 }
      },
      "108": {
        "start": { "line": 109, "column": 0 },
        "end": { "line": 109, "column": 32 }
      },
      "109": {
        "start": { "line": 110, "column": 0 },
        "end": { "line": 110, "column": 34 }
      },
      "115": {
        "start": { "line": 116, "column": 0 },
        "end": { "line": 116, "column": 2 }
      },
      "117": {
        "start": { "line": 118, "column": 0 },
        "end": { "line": 118, "column": 41 }
      }
    },
    "s": {
      "0": 1,
      "11": 1,
      "28": 1,
      "29": 1,
      "30": 1,
      "31": 1,
      "32": 1,
      "33": 1,
      "34": 1,
      "35": 1,
      "37": 1,
      "38": 0,
      "42": 0,
      "43": 0,
      "44": 0,
      "46": 1,
      "47": 1,
      "48": 1,
      "49": 1,
      "50": 1,
      "51": 1,
      "52": 1,
      "55": 1,
      "56": 1,
      "57": 1,
      "58": 1,
      "59": 1,
      "60": 1,
      "61": 1,
      "63": 1,
      "64": 1,
      "70": 1,
      "71": 1,
      "72": 1,
      "73": 1,
      "74": 1,
      "75": 1,
      "76": 1,
      "77": 1,
      "79": 1,
      "80": 1,
      "81": 1,
      "82": 1,
      "83": 1,
      "84": 1,
      "85": 1,
      "91": 1,
      "92": 1,
      "93": 1,
      "94": 1,
      "95": 1,
      "96": 1,
      "97": 1,
      "98": 1,
      "99": 1,
      "100": 1,
      "102": 1,
      "103": 1,
      "104": 1,
      "105": 1,
      "106": 1,
      "107": 1,
      "108": 1,
      "109": 1,
      "115": 1,
      "117": 1
    },
    "branchMap": {
      "0": {
        "type": "branch",
        "line": 29,
        "loc": {
          "start": { "line": 29, "column": 22 },
          "end": { "line": 116, "column": 2 }
        },
        "locations": [
          {
            "start": { "line": 29, "column": 22 },
            "end": { "line": 116, "column": 2 }
          }
        ]
      },
      "1": {
        "type": "branch",
        "line": 49,
        "loc": {
          "start": { "line": 49, "column": 17 },
          "end": { "line": 49, "column": 39 }
        },
        "locations": [
          {
            "start": { "line": 49, "column": 17 },
            "end": { "line": 49, "column": 39 }
          }
        ]
      },
      "2": {
        "type": "branch",
        "line": 98,
        "loc": {
          "start": { "line": 98, "column": 31 },
          "end": { "line": 98, "column": 38 }
        },
        "locations": [
          {
            "start": { "line": 98, "column": 31 },
            "end": { "line": 98, "column": 38 }
          }
        ]
      },
      "3": {
        "type": "branch",
        "line": 107,
        "loc": {
          "start": { "line": 107, "column": 32 },
          "end": { "line": 107, "column": 39 }
        },
        "locations": [
          {
            "start": { "line": 107, "column": 32 },
            "end": { "line": 107, "column": 39 }
          }
        ]
      }
    },
    "b": { "0": [1], "1": [0], "2": [0], "3": [0] },
    "fnMap": {
      "0": {
        "name": "NewsFilterBar",
        "decl": {
          "start": { "line": 29, "column": 22 },
          "end": { "line": 116, "column": 2 }
        },
        "loc": {
          "start": { "line": 29, "column": 22 },
          "end": { "line": 116, "column": 2 }
        },
        "line": 29
      },
      "1": {
        "name": "handleChange",
        "decl": {
          "start": { "line": 38, "column": 23 },
          "end": { "line": 45, "column": 4 }
        },
        "loc": {
          "start": { "line": 38, "column": 23 },
          "end": { "line": 45, "column": 4 }
        },
        "line": 38
      },
      "2": {
        "name": "onChange",
        "decl": {
          "start": { "line": 62, "column": 20 },
          "end": { "line": 62, "column": 61 }
        },
        "loc": {
          "start": { "line": 62, "column": 20 },
          "end": { "line": 62, "column": 61 }
        },
        "line": 62
      }
    },
    "f": { "0": 1, "1": 0, "2": 0 }
  },
  "/home/guhan.k/works/Assignments/Phase_2_Project/src/hooks/readObserverHook.ts": {
    "path": "/home/guhan.k/works/Assignments/Phase_2_Project/src/hooks/readObserverHook.ts",
    "all": false,
    "statementMap": {
      "0": {
        "start": { "line": 1, "column": 0 },
        "end": { "line": 1, "column": 42 }
      },
      "4": {
        "start": { "line": 5, "column": 0 },
        "end": { "line": 5, "column": 54 }
      },
      "5": {
        "start": { "line": 6, "column": 0 },
        "end": { "line": 6, "column": 50 }
      },
      "7": {
        "start": { "line": 8, "column": 0 },
        "end": { "line": 8, "column": 19 }
      },
      "8": {
        "start": { "line": 9, "column": 0 },
        "end": { "line": 9, "column": 29 }
      },
      "10": {
        "start": { "line": 11, "column": 0 },
        "end": { "line": 11, "column": 46 }
      },
      "11": {
        "start": { "line": 12, "column": 0 },
        "end": { "line": 12, "column": 20 }
      },
      "12": {
        "start": { "line": 13, "column": 0 },
        "end": { "line": 13, "column": 35 }
      },
      "13": {
        "start": { "line": 14, "column": 0 },
        "end": { "line": 14, "column": 36 }
      },
      "14": {
        "start": { "line": 15, "column": 0 },
        "end": { "line": 15, "column": 70 }
      },
      "15": {
        "start": { "line": 16, "column": 0 },
        "end": { "line": 16, "column": 9 }
      },
      "16": {
        "start": { "line": 17, "column": 0 },
        "end": { "line": 17, "column": 8 }
      },
      "17": {
        "start": { "line": 18, "column": 0 },
        "end": { "line": 18, "column": 7 }
      },
      "18": {
        "start": { "line": 19, "column": 0 },
        "end": { "line": 19, "column": 38 }
      },
      "19": {
        "start": { "line": 20, "column": 0 },
        "end": { "line": 20, "column": 8 }
      },
      "22": {
        "start": { "line": 23, "column": 0 },
        "end": { "line": 23, "column": 34 }
      },
      "24": {
        "start": { "line": 25, "column": 0 },
        "end": { "line": 25, "column": 18 }
      },
      "25": {
        "start": { "line": 26, "column": 0 },
        "end": { "line": 26, "column": 28 }
      },
      "26": {
        "start": { "line": 27, "column": 0 },
        "end": { "line": 27, "column": 6 }
      },
      "27": {
        "start": { "line": 28, "column": 0 },
        "end": { "line": 28, "column": 15 }
      },
      "29": {
        "start": { "line": 30, "column": 0 },
        "end": { "line": 30, "column": 13 }
      },
      "30": {
        "start": { "line": 31, "column": 0 },
        "end": { "line": 31, "column": 2 }
      }
    },
    "s": {
      "0": 1,
      "4": 1,
      "5": 5,
      "7": 5,
      "8": 3,
      "10": 3,
      "11": 3,
      "12": 0,
      "13": 0,
      "14": 0,
      "15": 0,
      "16": 0,
      "17": 3,
      "18": 3,
      "19": 3,
      "22": 3,
      "24": 3,
      "25": 3,
      "26": 3,
      "27": 5,
      "29": 5,
      "30": 5
    },
    "branchMap": {
      "0": {
        "type": "branch",
        "line": 5,
        "loc": {
          "start": { "line": 5, "column": 31 },
          "end": { "line": 31, "column": 2 }
        },
        "locations": [
          {
            "start": { "line": 5, "column": 31 },
            "end": { "line": 31, "column": 2 }
          }
        ]
      },
      "1": {
        "type": "branch",
        "line": 8,
        "loc": {
          "start": { "line": 8, "column": 12 },
          "end": { "line": 28, "column": 5 }
        },
        "locations": [
          {
            "start": { "line": 8, "column": 12 },
            "end": { "line": 28, "column": 5 }
          }
        ]
      },
      "2": {
        "type": "branch",
        "line": 9,
        "loc": {
          "start": { "line": 9, "column": 22 },
          "end": { "line": 9, "column": 29 }
        },
        "locations": [
          {
            "start": { "line": 9, "column": 22 },
            "end": { "line": 9, "column": 29 }
          }
        ]
      },
      "3": {
        "type": "branch",
        "line": 25,
        "loc": {
          "start": { "line": 25, "column": 11 },
          "end": { "line": 27, "column": 6 }
        },
        "locations": [
          {
            "start": { "line": 25, "column": 11 },
            "end": { "line": 27, "column": 6 }
          }
        ]
      }
    },
    "b": { "0": [5], "1": [3], "2": [0], "3": [3] },
    "fnMap": {
      "0": {
        "name": "useReadObserver",
        "decl": {
          "start": { "line": 5, "column": 31 },
          "end": { "line": 31, "column": 2 }
        },
        "loc": {
          "start": { "line": 5, "column": 31 },
          "end": { "line": 31, "column": 2 }
        },
        "line": 5
      },
      "1": {
        "name": "IntersectionObserver.threshold",
        "decl": {
          "start": { "line": 12, "column": 6 },
          "end": { "line": 17, "column": 8 }
        },
        "loc": {
          "start": { "line": 12, "column": 6 },
          "end": { "line": 17, "column": 8 }
        },
        "line": 12
      }
    },
    "f": { "0": 5, "1": 0 }
  },
  "/home/guhan.k/works/Assignments/Phase_2_Project/src/hooks/useDebounce.ts": {
    "path": "/home/guhan.k/works/Assignments/Phase_2_Project/src/hooks/useDebounce.ts",
    "all": false,
    "statementMap": {
      "0": {
        "start": { "line": 1, "column": 0 },
        "end": { "line": 1, "column": 44 }
      },
      "2": {
        "start": { "line": 3, "column": 0 },
        "end": { "line": 3, "column": 56 }
      },
      "3": {
        "start": { "line": 4, "column": 0 },
        "end": { "line": 4, "column": 65 }
      },
      "5": {
        "start": { "line": 6, "column": 0 },
        "end": { "line": 6, "column": 19 }
      },
      "6": {
        "start": { "line": 7, "column": 0 },
        "end": { "line": 7, "column": 38 }
      },
      "7": {
        "start": { "line": 8, "column": 0 },
        "end": { "line": 8, "column": 31 }
      },
      "8": {
        "start": { "line": 9, "column": 0 },
        "end": { "line": 9, "column": 14 }
      },
      "10": {
        "start": { "line": 11, "column": 0 },
        "end": { "line": 11, "column": 73 }
      },
      "11": {
        "start": { "line": 12, "column": 0 },
        "end": { "line": 12, "column": 21 }
      },
      "13": {
        "start": { "line": 14, "column": 0 },
        "end": { "line": 14, "column": 24 }
      },
      "14": {
        "start": { "line": 15, "column": 0 },
        "end": { "line": 15, "column": 2 }
      },
      "16": {
        "start": { "line": 17, "column": 0 },
        "end": { "line": 17, "column": 27 }
      }
    },
    "s": {
      "0": 1,
      "2": 1,
      "3": 3,
      "5": 3,
      "6": 3,
      "7": 0,
      "8": 3,
      "10": 3,
      "11": 3,
      "13": 3,
      "14": 3,
      "16": 1
    },
    "branchMap": {
      "0": {
        "type": "branch",
        "line": 3,
        "loc": {
          "start": { "line": 3, "column": 20 },
          "end": { "line": 15, "column": 2 }
        },
        "locations": [
          {
            "start": { "line": 3, "column": 20 },
            "end": { "line": 15, "column": 2 }
          }
        ]
      },
      "1": {
        "type": "branch",
        "line": 6,
        "loc": {
          "start": { "line": 6, "column": 12 },
          "end": { "line": 12, "column": 5 }
        },
        "locations": [
          {
            "start": { "line": 6, "column": 12 },
            "end": { "line": 12, "column": 5 }
          }
        ]
      },
      "2": {
        "type": "branch",
        "line": 11,
        "loc": {
          "start": { "line": 11, "column": 11 },
          "end": { "line": 11, "column": 40 }
        },
        "locations": [
          {
            "start": { "line": 11, "column": 11 },
            "end": { "line": 11, "column": 40 }
          }
        ]
      }
    },
    "b": { "0": [3], "1": [3], "2": [3] },
    "fnMap": {
      "0": {
        "name": "useDebounce",
        "decl": {
          "start": { "line": 3, "column": 20 },
          "end": { "line": 15, "column": 2 }
        },
        "loc": {
          "start": { "line": 3, "column": 20 },
          "end": { "line": 15, "column": 2 }
        },
        "line": 3
      }
    },
    "f": { "0": 3 }
  },
  "/home/guhan.k/works/Assignments/Phase_2_Project/src/pages/ErrorBoundary/ErrorBoundary.tsx": {
    "path": "/home/guhan.k/works/Assignments/Phase_2_Project/src/pages/ErrorBoundary/ErrorBoundary.tsx",
    "all": false,
    "statementMap": {
      "0": {
        "start": { "line": 1, "column": 0 },
        "end": { "line": 1, "column": 66 }
      },
      "12": {
        "start": { "line": 13, "column": 0 },
        "end": { "line": 13, "column": 53 }
      },
      "13": {
        "start": { "line": 14, "column": 0 },
        "end": { "line": 14, "column": 29 }
      },
      "14": {
        "start": { "line": 15, "column": 0 },
        "end": { "line": 15, "column": 17 }
      },
      "15": {
        "start": { "line": 16, "column": 0 },
        "end": { "line": 16, "column": 18 }
      },
      "16": {
        "start": { "line": 17, "column": 0 },
        "end": { "line": 17, "column": 22 }
      },
      "17": {
        "start": { "line": 18, "column": 0 },
        "end": { "line": 18, "column": 18 }
      },
      "18": {
        "start": { "line": 19, "column": 0 },
        "end": { "line": 19, "column": 22 }
      },
      "19": {
        "start": { "line": 20, "column": 0 },
        "end": { "line": 20, "column": 6 }
      },
      "20": {
        "start": { "line": 21, "column": 0 },
        "end": { "line": 21, "column": 3 }
      },
      "22": {
        "start": { "line": 23, "column": 0 },
        "end": { "line": 23, "column": 65 }
      },
      "23": {
        "start": { "line": 24, "column": 0 },
        "end": { "line": 24, "column": 30 }
      },
      "24": {
        "start": { "line": 25, "column": 0 },
        "end": { "line": 25, "column": 3 }
      },
      "26": {
        "start": { "line": 27, "column": 0 },
        "end": { "line": 27, "column": 57 }
      },
      "27": {
        "start": { "line": 28, "column": 0 },
        "end": { "line": 28, "column": 40 }
      },
      "28": {
        "start": { "line": 29, "column": 0 },
        "end": { "line": 29, "column": 70 }
      },
      "29": {
        "start": { "line": 30, "column": 0 },
        "end": { "line": 30, "column": 3 }
      },
      "31": {
        "start": { "line": 32, "column": 0 },
        "end": { "line": 32, "column": 12 }
      },
      "32": {
        "start": { "line": 33, "column": 0 },
        "end": { "line": 33, "column": 30 }
      },
      "33": {
        "start": { "line": 34, "column": 0 },
        "end": { "line": 34, "column": 14 }
      },
      "34": {
        "start": { "line": 35, "column": 0 },
        "end": { "line": 35, "column": 62 }
      },
      "35": {
        "start": { "line": 36, "column": 0 },
        "end": { "line": 36, "column": 40 }
      },
      "36": {
        "start": { "line": 37, "column": 0 },
        "end": { "line": 37, "column": 32 }
      },
      "37": {
        "start": { "line": 38, "column": 0 },
        "end": { "line": 38, "column": 71 }
      },
      "38": {
        "start": { "line": 39, "column": 0 },
        "end": { "line": 39, "column": 43 }
      },
      "39": {
        "start": { "line": 40, "column": 0 },
        "end": { "line": 40, "column": 20 }
      },
      "40": {
        "start": { "line": 41, "column": 0 },
        "end": { "line": 41, "column": 52 }
      },
      "45": {
        "start": { "line": 46, "column": 0 },
        "end": { "line": 46, "column": 5 }
      },
      "47": {
        "start": { "line": 48, "column": 0 },
        "end": { "line": 48, "column": 31 }
      },
      "48": {
        "start": { "line": 49, "column": 0 },
        "end": { "line": 49, "column": 3 }
      },
      "49": {
        "start": { "line": 50, "column": 0 },
        "end": { "line": 50, "column": 1 }
      },
      "51": {
        "start": { "line": 52, "column": 0 },
        "end": { "line": 52, "column": 29 }
      }
    },
    "s": {
      "0": 1,
      "12": 1,
      "13": 1,
      "14": 4,
      "15": 4,
      "16": 4,
      "17": 4,
      "18": 4,
      "19": 4,
      "20": 4,
      "22": 1,
      "23": 2,
      "24": 2,
      "26": 1,
      "27": 1,
      "28": 1,
      "29": 1,
      "31": 1,
      "32": 6,
      "33": 3,
      "34": 3,
      "35": 3,
      "36": 3,
      "37": 3,
      "38": 3,
      "39": 3,
      "40": 3,
      "45": 3,
      "47": 3,
      "48": 3,
      "49": 1,
      "51": 1
    },
    "branchMap": {
      "0": {
        "type": "branch",
        "line": 23,
        "loc": {
          "start": { "line": 23, "column": 9 },
          "end": { "line": 25, "column": 3 }
        },
        "locations": [
          {
            "start": { "line": 23, "column": 9 },
            "end": { "line": 25, "column": 3 }
          }
        ]
      },
      "1": {
        "type": "branch",
        "line": 27,
        "loc": {
          "start": { "line": 27, "column": 2 },
          "end": { "line": 30, "column": 3 }
        },
        "locations": [
          {
            "start": { "line": 27, "column": 2 },
            "end": { "line": 30, "column": 3 }
          }
        ]
      },
      "2": {
        "type": "branch",
        "line": 32,
        "loc": {
          "start": { "line": 32, "column": 2 },
          "end": { "line": 49, "column": 3 }
        },
        "locations": [
          {
            "start": { "line": 32, "column": 2 },
            "end": { "line": 49, "column": 3 }
          }
        ]
      },
      "3": {
        "type": "branch",
        "line": 33,
        "loc": {
          "start": { "line": 33, "column": 29 },
          "end": { "line": 49, "column": 3 }
        },
        "locations": [
          {
            "start": { "line": 33, "column": 29 },
            "end": { "line": 49, "column": 3 }
          }
        ]
      },
      "4": {
        "type": "branch",
        "line": 14,
        "loc": {
          "start": { "line": 14, "column": 2 },
          "end": { "line": 21, "column": 3 }
        },
        "locations": [
          {
            "start": { "line": 14, "column": 2 },
            "end": { "line": 21, "column": 3 }
          }
        ]
      }
    },
    "b": { "0": [2], "1": [1], "2": [6], "3": [3], "4": [4] },
    "fnMap": {
      "0": {
        "name": "getDerivedStateFromError",
        "decl": {
          "start": { "line": 23, "column": 9 },
          "end": { "line": 25, "column": 3 }
        },
        "loc": {
          "start": { "line": 23, "column": 9 },
          "end": { "line": 25, "column": 3 }
        },
        "line": 23
      },
      "1": {
        "name": "componentDidCatch",
        "decl": {
          "start": { "line": 27, "column": 2 },
          "end": { "line": 30, "column": 3 }
        },
        "loc": {
          "start": { "line": 27, "column": 2 },
          "end": { "line": 30, "column": 3 }
        },
        "line": 27
      },
      "2": {
        "name": "render",
        "decl": {
          "start": { "line": 32, "column": 2 },
          "end": { "line": 49, "column": 3 }
        },
        "loc": {
          "start": { "line": 32, "column": 2 },
          "end": { "line": 49, "column": 3 }
        },
        "line": 32
      },
      "3": {
        "name": "ErrorBoundary",
        "decl": {
          "start": { "line": 14, "column": 2 },
          "end": { "line": 21, "column": 3 }
        },
        "loc": {
          "start": { "line": 14, "column": 2 },
          "end": { "line": 21, "column": 3 }
        },
        "line": 14
      }
    },
    "f": { "0": 2, "1": 1, "2": 6, "3": 4 }
  },
  "/home/guhan.k/works/Assignments/Phase_2_Project/src/pages/Favourites/Favourites.tsx": {
    "path": "/home/guhan.k/works/Assignments/Phase_2_Project/src/pages/Favourites/Favourites.tsx",
    "all": false,
    "statementMap": {
      "0": {
        "start": { "line": 1, "column": 0 },
        "end": { "line": 1, "column": 66 }
      },
      "1": {
        "start": { "line": 2, "column": 0 },
        "end": { "line": 2, "column": 62 }
      },
      "2": {
        "start": { "line": 3, "column": 0 },
        "end": { "line": 3, "column": 55 }
      },
      "5": {
        "start": { "line": 6, "column": 0 },
        "end": { "line": 6, "column": 59 }
      },
      "6": {
        "start": { "line": 7, "column": 0 },
        "end": { "line": 7, "column": 75 }
      },
      "7": {
        "start": { "line": 8, "column": 0 },
        "end": { "line": 8, "column": 56 }
      },
      "8": {
        "start": { "line": 9, "column": 0 },
        "end": { "line": 9, "column": 64 }
      },
      "9": {
        "start": { "line": 10, "column": 0 },
        "end": { "line": 10, "column": 47 }
      },
      "10": {
        "start": { "line": 11, "column": 0 },
        "end": { "line": 11, "column": 59 }
      },
      "12": {
        "start": { "line": 13, "column": 0 },
        "end": { "line": 13, "column": 26 }
      },
      "13": {
        "start": { "line": 14, "column": 0 },
        "end": { "line": 14, "column": 46 }
      },
      "14": {
        "start": { "line": 15, "column": 0 },
        "end": { "line": 15, "column": 33 }
      },
      "16": {
        "start": { "line": 17, "column": 0 },
        "end": { "line": 17, "column": 72 }
      },
      "17": {
        "start": { "line": 18, "column": 0 },
        "end": { "line": 18, "column": 61 }
      },
      "18": {
        "start": { "line": 19, "column": 0 },
        "end": { "line": 19, "column": 48 }
      },
      "20": {
        "start": { "line": 21, "column": 0 },
        "end": { "line": 21, "column": 19 }
      },
      "21": {
        "start": { "line": 22, "column": 0 },
        "end": { "line": 22, "column": 44 }
      },
      "22": {
        "start": { "line": 23, "column": 0 },
        "end": { "line": 23, "column": 23 }
      },
      "23": {
        "start": { "line": 24, "column": 0 },
        "end": { "line": 24, "column": 11 }
      },
      "24": {
        "start": { "line": 25, "column": 0 },
        "end": { "line": 25, "column": 42 }
      },
      "25": {
        "start": { "line": 26, "column": 0 },
        "end": { "line": 26, "column": 39 }
      },
      "26": {
        "start": { "line": 27, "column": 0 },
        "end": { "line": 27, "column": 17 }
      },
      "27": {
        "start": { "line": 28, "column": 0 },
        "end": { "line": 28, "column": 57 }
      },
      "28": {
        "start": { "line": 29, "column": 0 },
        "end": { "line": 29, "column": 29 }
      },
      "29": {
        "start": { "line": 30, "column": 0 },
        "end": { "line": 30, "column": 27 }
      },
      "30": {
        "start": { "line": 31, "column": 0 },
        "end": { "line": 31, "column": 63 }
      },
      "31": {
        "start": { "line": 32, "column": 0 },
        "end": { "line": 32, "column": 26 }
      },
      "32": {
        "start": { "line": 33, "column": 0 },
        "end": { "line": 33, "column": 13 }
      },
      "33": {
        "start": { "line": 34, "column": 0 },
        "end": { "line": 34, "column": 13 }
      },
      "35": {
        "start": { "line": 36, "column": 0 },
        "end": { "line": 36, "column": 61 }
      },
      "36": {
        "start": { "line": 37, "column": 0 },
        "end": { "line": 37, "column": 23 }
      },
      "37": {
        "start": { "line": 38, "column": 0 },
        "end": { "line": 38, "column": 62 }
      },
      "38": {
        "start": { "line": 39, "column": 0 },
        "end": { "line": 39, "column": 17 }
      },
      "39": {
        "start": { "line": 40, "column": 0 },
        "end": { "line": 40, "column": 26 }
      },
      "40": {
        "start": { "line": 41, "column": 0 },
        "end": { "line": 41, "column": 7 }
      },
      "41": {
        "start": { "line": 42, "column": 0 },
        "end": { "line": 42, "column": 6 }
      },
      "43": {
        "start": { "line": 44, "column": 0 },
        "end": { "line": 44, "column": 31 }
      },
      "44": {
        "start": { "line": 45, "column": 0 },
        "end": { "line": 45, "column": 27 }
      },
      "45": {
        "start": { "line": 46, "column": 0 },
        "end": { "line": 46, "column": 12 }
      },
      "46": {
        "start": { "line": 47, "column": 0 },
        "end": { "line": 47, "column": 22 }
      },
      "47": {
        "start": { "line": 48, "column": 0 },
        "end": { "line": 48, "column": 5 }
      },
      "48": {
        "start": { "line": 49, "column": 0 },
        "end": { "line": 49, "column": 18 }
      },
      "50": {
        "start": { "line": 51, "column": 0 },
        "end": { "line": 51, "column": 34 }
      },
      "51": {
        "start": { "line": 52, "column": 0 },
        "end": { "line": 52, "column": 44 }
      },
      "52": {
        "start": { "line": 53, "column": 0 },
        "end": { "line": 53, "column": 31 }
      },
      "55": {
        "start": { "line": 56, "column": 0 },
        "end": { "line": 56, "column": 34 }
      },
      "56": {
        "start": { "line": 57, "column": 0 },
        "end": { "line": 57, "column": 45 }
      },
      "57": {
        "start": { "line": 58, "column": 0 },
        "end": { "line": 58, "column": 60 }
      },
      "58": {
        "start": { "line": 59, "column": 0 },
        "end": { "line": 59, "column": 6 }
      },
      "59": {
        "start": { "line": 60, "column": 0 },
        "end": { "line": 60, "column": 15 }
      },
      "62": {
        "start": { "line": 63, "column": 0 },
        "end": { "line": 63, "column": 42 }
      },
      "63": {
        "start": { "line": 64, "column": 0 },
        "end": { "line": 64, "column": 21 }
      },
      "64": {
        "start": { "line": 65, "column": 0 },
        "end": { "line": 65, "column": 41 }
      },
      "65": {
        "start": { "line": 66, "column": 0 },
        "end": { "line": 66, "column": 6 }
      },
      "66": {
        "start": { "line": 67, "column": 0 },
        "end": { "line": 67, "column": 15 }
      },
      "69": {
        "start": { "line": 70, "column": 0 },
        "end": { "line": 70, "column": 16 }
      },
      "70": {
        "start": { "line": 71, "column": 0 },
        "end": { "line": 71, "column": 12 }
      },
      "71": {
        "start": { "line": 72, "column": 0 },
        "end": { "line": 72, "column": 65 }
      },
      "72": {
        "start": { "line": 73, "column": 0 },
        "end": { "line": 73, "column": 63 }
      },
      "75": {
        "start": { "line": 76, "column": 0 },
        "end": { "line": 76, "column": 36 }
      },
      "76": {
        "start": { "line": 77, "column": 0 },
        "end": { "line": 77, "column": 56 }
      },
      "77": {
        "start": { "line": 78, "column": 0 },
        "end": { "line": 78, "column": 57 }
      },
      "78": {
        "start": { "line": 79, "column": 0 },
        "end": { "line": 79, "column": 37 }
      },
      "84": {
        "start": { "line": 85, "column": 0 },
        "end": { "line": 85, "column": 3 }
      },
      "86": {
        "start": { "line": 87, "column": 0 },
        "end": { "line": 87, "column": 16 }
      },
      "87": {
        "start": { "line": 88, "column": 0 },
        "end": { "line": 88, "column": 24 }
      },
      "88": {
        "start": { "line": 89, "column": 0 },
        "end": { "line": 89, "column": 12 }
      },
      "89": {
        "start": { "line": 90, "column": 0 },
        "end": { "line": 90, "column": 10 }
      },
      "90": {
        "start": { "line": 91, "column": 0 },
        "end": { "line": 91, "column": 22 }
      },
      "91": {
        "start": { "line": 92, "column": 0 },
        "end": { "line": 92, "column": 30 }
      },
      "92": {
        "start": { "line": 93, "column": 0 },
        "end": { "line": 93, "column": 27 }
      },
      "93": {
        "start": { "line": 94, "column": 0 },
        "end": { "line": 94, "column": 31 }
      },
      "94": {
        "start": { "line": 95, "column": 0 },
        "end": { "line": 95, "column": 13 }
      },
      "95": {
        "start": { "line": 96, "column": 0 },
        "end": { "line": 96, "column": 16 }
      },
      "96": {
        "start": { "line": 97, "column": 0 },
        "end": { "line": 97, "column": 16 }
      },
      "97": {
        "start": { "line": 98, "column": 0 },
        "end": { "line": 98, "column": 10 }
      },
      "99": {
        "start": { "line": 100, "column": 0 },
        "end": { "line": 100, "column": 12 }
      },
      "100": {
        "start": { "line": 101, "column": 0 },
        "end": { "line": 101, "column": 25 }
      },
      "101": {
        "start": { "line": 102, "column": 0 },
        "end": { "line": 102, "column": 32 }
      },
      "102": {
        "start": { "line": 103, "column": 0 },
        "end": { "line": 103, "column": 33 }
      },
      "103": {
        "start": { "line": 104, "column": 0 },
        "end": { "line": 104, "column": 15 }
      },
      "104": {
        "start": { "line": 105, "column": 0 },
        "end": { "line": 105, "column": 42 }
      },
      "105": {
        "start": { "line": 106, "column": 0 },
        "end": { "line": 106, "column": 26 }
      },
      "106": {
        "start": { "line": 107, "column": 0 },
        "end": { "line": 107, "column": 33 }
      },
      "107": {
        "start": { "line": 108, "column": 0 },
        "end": { "line": 108, "column": 18 }
      },
      "108": {
        "start": { "line": 109, "column": 0 },
        "end": { "line": 109, "column": 62 }
      },
      "109": {
        "start": { "line": 110, "column": 0 },
        "end": { "line": 110, "column": 12 }
      },
      "112": {
        "start": { "line": 113, "column": 0 },
        "end": { "line": 113, "column": 64 }
      },
      "116": {
        "start": { "line": 117, "column": 0 },
        "end": { "line": 117, "column": 15 }
      },
      "117": {
        "start": { "line": 118, "column": 0 },
        "end": { "line": 118, "column": 29 }
      },
      "118": {
        "start": { "line": 119, "column": 0 },
        "end": { "line": 119, "column": 25 }
      },
      "119": {
        "start": { "line": 120, "column": 0 },
        "end": { "line": 120, "column": 39 }
      },
      "120": {
        "start": { "line": 121, "column": 0 },
        "end": { "line": 121, "column": 75 }
      },
      "121": {
        "start": { "line": 122, "column": 0 },
        "end": { "line": 122, "column": 9 }
      },
      "126": {
        "start": { "line": 127, "column": 0 },
        "end": { "line": 127, "column": 3 }
      },
      "128": {
        "start": { "line": 129, "column": 0 },
        "end": { "line": 129, "column": 10 }
      },
      "129": {
        "start": { "line": 130, "column": 0 },
        "end": { "line": 130, "column": 38 }
      },
      "130": {
        "start": { "line": 131, "column": 0 },
        "end": { "line": 131, "column": 61 }
      },
      "134": {
        "start": { "line": 135, "column": 0 },
        "end": { "line": 135, "column": 34 }
      },
      "135": {
        "start": { "line": 136, "column": 0 },
        "end": { "line": 136, "column": 43 }
      },
      "136": {
        "start": { "line": 137, "column": 0 },
        "end": { "line": 137, "column": 61 }
      },
      "137": {
        "start": { "line": 138, "column": 0 },
        "end": { "line": 138, "column": 25 }
      },
      "138": {
        "start": { "line": 139, "column": 0 },
        "end": { "line": 139, "column": 31 }
      },
      "139": {
        "start": { "line": 140, "column": 0 },
        "end": { "line": 140, "column": 32 }
      },
      "140": {
        "start": { "line": 141, "column": 0 },
        "end": { "line": 141, "column": 51 }
      },
      "141": {
        "start": { "line": 142, "column": 0 },
        "end": { "line": 142, "column": 57 }
      },
      "148": {
        "start": { "line": 149, "column": 0 },
        "end": { "line": 149, "column": 2 }
      },
      "150": {
        "start": { "line": 151, "column": 0 },
        "end": { "line": 151, "column": 26 }
      }
    },
    "s": {
      "0": 1,
      "1": 1,
      "2": 1,
      "5": 1,
      "6": 1,
      "7": 1,
      "8": 1,
      "9": 1,
      "10": 1,
      "12": 1,
      "13": 13,
      "14": 13,
      "16": 13,
      "17": 13,
      "18": 13,
      "20": 13,
      "21": 5,
      "22": 4,
      "23": 4,
      "24": 4,
      "25": 4,
      "26": 4,
      "27": 4,
      "28": 4,
      "29": 4,
      "30": 0,
      "31": 0,
      "32": 0,
      "33": 4,
      "35": 4,
      "36": 4,
      "37": 0,
      "38": 4,
      "39": 4,
      "40": 4,
      "41": 4,
      "43": 5,
      "44": 4,
      "45": 5,
      "46": 1,
      "47": 1,
      "48": 13,
      "50": 13,
      "51": 13,
      "52": 13,
      "55": 13,
      "56": 13,
      "57": 1,
      "58": 1,
      "59": 13,
      "62": 13,
      "63": 13,
      "64": 1,
      "65": 1,
      "66": 13,
      "69": 13,
      "70": 4,
      "71": 4,
      "72": 4,
      "75": 4,
      "76": 4,
      "77": 4,
      "78": 4,
      "84": 4,
      "86": 9,
      "87": 13,
      "88": 6,
      "89": 6,
      "90": 6,
      "91": 6,
      "92": 6,
      "93": 6,
      "94": 6,
      "95": 6,
      "96": 6,
      "97": 6,
      "99": 6,
      "100": 6,
      "101": 6,
      "102": 6,
      "103": 6,
      "104": 6,
      "105": 6,
      "106": 6,
      "107": 6,
      "108": 6,
      "109": 6,
      "112": 6,
      "116": 6,
      "117": 6,
      "118": 6,
      "119": 6,
      "120": 6,
      "121": 6,
      "126": 6,
      "128": 3,
      "129": 3,
      "130": 3,
      "134": 3,
      "135": 3,
      "136": 3,
      "137": 3,
      "138": 3,
      "139": 3,
      "140": 3,
      "141": 3,
      "148": 3,
      "150": 1
    },
    "branchMap": {
      "0": {
        "type": "branch",
        "line": 13,
        "loc": {
          "start": { "line": 13, "column": 19 },
          "end": { "line": 149, "column": 2 }
        },
        "locations": [
          {
            "start": { "line": 13, "column": 19 },
            "end": { "line": 149, "column": 2 }
          }
        ]
      },
      "1": {
        "type": "branch",
        "line": 70,
        "loc": {
          "start": { "line": 70, "column": 15 },
          "end": { "line": 85, "column": 3 }
        },
        "locations": [
          {
            "start": { "line": 70, "column": 15 },
            "end": { "line": 85, "column": 3 }
          }
        ]
      },
      "2": {
        "type": "branch",
        "line": 85,
        "loc": {
          "start": { "line": 85, "column": 2 },
          "end": { "line": 88, "column": 23 }
        },
        "locations": [
          {
            "start": { "line": 85, "column": 2 },
            "end": { "line": 88, "column": 23 }
          }
        ]
      },
      "3": {
        "type": "branch",
        "line": 88,
        "loc": {
          "start": { "line": 88, "column": 23 },
          "end": { "line": 127, "column": 3 }
        },
        "locations": [
          {
            "start": { "line": 88, "column": 23 },
            "end": { "line": 127, "column": 3 }
          }
        ]
      },
      "4": {
        "type": "branch",
        "line": 127,
        "loc": {
          "start": { "line": 127, "column": 2 },
          "end": { "line": 149, "column": 2 }
        },
        "locations": [
          {
            "start": { "line": 127, "column": 2 },
            "end": { "line": 149, "column": 2 }
          }
        ]
      },
      "5": {
        "type": "branch",
        "line": 17,
        "loc": {
          "start": { "line": 17, "column": 32 },
          "end": { "line": 17, "column": 70 }
        },
        "locations": [
          {
            "start": { "line": 17, "column": 32 },
            "end": { "line": 17, "column": 70 }
          }
        ]
      },
      "6": {
        "type": "branch",
        "line": 21,
        "loc": {
          "start": { "line": 21, "column": 12 },
          "end": { "line": 49, "column": 5 }
        },
        "locations": [
          {
            "start": { "line": 21, "column": 12 },
            "end": { "line": 49, "column": 5 }
          }
        ]
      },
      "7": {
        "type": "branch",
        "line": 44,
        "loc": {
          "start": { "line": 44, "column": 30 },
          "end": { "line": 46, "column": 11 }
        },
        "locations": [
          {
            "start": { "line": 44, "column": 30 },
            "end": { "line": 46, "column": 11 }
          }
        ]
      },
      "8": {
        "type": "branch",
        "line": 46,
        "loc": {
          "start": { "line": 46, "column": 4 },
          "end": { "line": 48, "column": 5 }
        },
        "locations": [
          {
            "start": { "line": 46, "column": 4 },
            "end": { "line": 48, "column": 5 }
          }
        ]
      },
      "9": {
        "type": "branch",
        "line": 22,
        "loc": {
          "start": { "line": 22, "column": 31 },
          "end": { "line": 42, "column": 6 }
        },
        "locations": [
          {
            "start": { "line": 22, "column": 31 },
            "end": { "line": 42, "column": 6 }
          }
        ]
      },
      "10": {
        "type": "branch",
        "line": 37,
        "loc": {
          "start": { "line": 37, "column": 8 },
          "end": { "line": 39, "column": 16 }
        },
        "locations": [
          {
            "start": { "line": 37, "column": 8 },
            "end": { "line": 39, "column": 16 }
          }
        ]
      },
      "11": {
        "type": "branch",
        "line": 26,
        "loc": {
          "start": { "line": 26, "column": 24 },
          "end": { "line": 34, "column": 13 }
        },
        "locations": [
          {
            "start": { "line": 26, "column": 24 },
            "end": { "line": 34, "column": 13 }
          }
        ]
      },
      "12": {
        "type": "branch",
        "line": 30,
        "loc": {
          "start": { "line": 30, "column": 14 },
          "end": { "line": 33, "column": 13 }
        },
        "locations": [
          {
[...]
        },
        "loc": {
          "start": { "line": 11, "column": 20 },
          "end": { "line": 20, "column": 2 }
        },
        "line": 11
      }
    },
    "f": { "0": 24 }
  },
  "/home/guhan.k/works/Assignments/Phase_2_Project/src/services/ErrorPage.tsx": {
    "path": "/home/guhan.k/works/Assignments/Phase_2_Project/src/services/ErrorPage.tsx",
    "all": false,
    "statementMap": {
      "0": {
        "start": { "line": 1, "column": 0 },
        "end": { "line": 1, "column": 67 }
      },
      "1": {
        "start": { "line": 2, "column": 0 },
        "end": { "line": 2, "column": 47 }
      },
      "2": {
        "start": { "line": 3, "column": 0 },
        "end": { "line": 3, "column": 64 }
      },
      "3": {
        "start": { "line": 4, "column": 0 },
        "end": { "line": 4, "column": 25 }
      },
      "4": {
        "start": { "line": 5, "column": 0 },
        "end": { "line": 5, "column": 33 }
      },
      "6": {
        "start": { "line": 7, "column": 0 },
        "end": { "line": 7, "column": 10 }
      },
      "7": {
        "start": { "line": 8, "column": 0 },
        "end": { "line": 8, "column": 66 }
      },
      "8": {
        "start": { "line": 9, "column": 0 },
        "end": { "line": 9, "column": 26 }
      },
      "9": {
        "start": { "line": 10, "column": 0 },
        "end": { "line": 10, "column": 64 }
      },
      "12": {
        "start": { "line": 13, "column": 0 },
        "end": { "line": 13, "column": 76 }
      },
      "16": {
        "start": { "line": 17, "column": 0 },
        "end": { "line": 17, "column": 74 }
      },
      "21": {
        "start": { "line": 22, "column": 0 },
        "end": { "line": 22, "column": 13 }
      },
      "22": {
        "start": { "line": 23, "column": 0 },
        "end": { "line": 23, "column": 27 }
      },
      "23": {
        "start": { "line": 24, "column": 0 },
        "end": { "line": 24, "column": 23 }
      },
      "24": {
        "start": { "line": 25, "column": 0 },
        "end": { "line": 25, "column": 20 }
      },
      "25": {
        "start": { "line": 26, "column": 0 },
        "end": { "line": 26, "column": 37 }
      },
      "26": {
        "start": { "line": 27, "column": 0 },
        "end": { "line": 27, "column": 13 }
      },
      "27": {
        "start": { "line": 28, "column": 0 },
        "end": { "line": 28, "column": 28 }
      },
      "28": {
        "start": { "line": 29, "column": 0 },
        "end": { "line": 29, "column": 16 }
      },
      "29": {
        "start": { "line": 30, "column": 0 },
        "end": { "line": 30, "column": 18 }
      },
      "30": {
        "start": { "line": 31, "column": 0 },
        "end": { "line": 31, "column": 32 }
      },
      "31": {
        "start": { "line": 32, "column": 0 },
        "end": { "line": 32, "column": 26 }
      },
      "32": {
        "start": { "line": 33, "column": 0 },
        "end": { "line": 33, "column": 10 }
      },
      "33": {
        "start": { "line": 34, "column": 0 },
        "end": { "line": 34, "column": 7 }
      },
      "38": {
        "start": { "line": 39, "column": 0 },
        "end": { "line": 39, "column": 2 }
      },
      "40": {
        "start": { "line": 41, "column": 0 },
        "end": { "line": 41, "column": 25 }
      }
    },
    "s": {
      "0": 1,
      "1": 1,
      "2": 1,
      "3": 1,
      "4": 2,
      "6": 2,
      "7": 2,
      "8": 2,
      "9": 2,
      "12": 2,
      "16": 2,
      "21": 2,
      "22": 2,
      "23": 2,
      "24": 2,
      "25": 2,
      "26": 2,
      "27": 2,
      "28": 2,
      "29": 2,
      "30": 2,
      "31": 2,
      "32": 2,
      "33": 2,
      "38": 2,
      "40": 1
    },
    "branchMap": {
      "0": {
        "type": "branch",
        "line": 4,
        "loc": {
          "start": { "line": 4, "column": 18 },
          "end": { "line": 39, "column": 2 }
        },
        "locations": [
          {
            "start": { "line": 4, "column": 18 },
            "end": { "line": 39, "column": 2 }
          }
        ]
      },
      "1": {
        "type": "branch",
        "line": 26,
        "loc": {
          "start": { "line": 26, "column": 17 },
          "end": { "line": 26, "column": 37 }
        },
        "locations": [
          {
            "start": { "line": 26, "column": 17 },
            "end": { "line": 26, "column": 37 }
          }
        ]
      }
    },
    "b": { "0": [2], "1": [1] },
    "fnMap": {
      "0": {
        "name": "ErrorPage",
        "decl": {
          "start": { "line": 4, "column": 18 },
          "end": { "line": 39, "column": 2 }
        },
        "loc": {
          "start": { "line": 4, "column": 18 },
          "end": { "line": 39, "column": 2 }
        },
        "line": 4
      },
      "1": {
        "name": "onClick",
        "decl": {
          "start": { "line": 26, "column": 17 },
          "end": { "line": 26, "column": 37 }
        },
        "loc": {
          "start": { "line": 26, "column": 17 },
          "end": { "line": 26, "column": 37 }
        },
        "line": 26
      }
    },
    "f": { "0": 2, "1": 1 }
  },
  "/home/guhan.k/works/Assignments/Phase_2_Project/src/services/apiCalls.ts": {
    "path": "/home/guhan.k/works/Assignments/Phase_2_Project/src/services/apiCalls.ts",
    "all": false,
    "statementMap": {
      "1": {
        "start": { "line": 2, "column": 0 },
        "end": { "line": 2, "column": 34 }
      },
      "3": {
        "start": { "line": 4, "column": 0 },
        "end": { "line": 4, "column": 60 }
      },
      "4": {
        "start": { "line": 5, "column": 0 },
        "end": { "line": 5, "column": 66 }
      },
      "5": {
        "start": { "line": 6, "column": 0 },
        "end": { "line": 6, "column": 26 }
      },
      "6": {
        "start": { "line": 7, "column": 0 },
        "end": { "line": 7, "column": 2 }
      },
      "8": {
        "start": { "line": 9, "column": 0 },
        "end": { "line": 9, "column": 49 }
      },
      "9": {
        "start": { "line": 10, "column": 0 },
        "end": { "line": 10, "column": 65 }
      },
      "10": {
        "start": { "line": 11, "column": 0 },
        "end": { "line": 11, "column": 26 }
      },
      "11": {
        "start": { "line": 12, "column": 0 },
        "end": { "line": 12, "column": 2 }
      },
      "13": {
        "start": { "line": 14, "column": 0 },
        "end": { "line": 14, "column": 76 }
      },
      "14": {
        "start": { "line": 15, "column": 0 },
        "end": { "line": 15, "column": 69 }
      },
      "15": {
        "start": { "line": 16, "column": 0 },
        "end": { "line": 16, "column": 32 }
      },
      "16": {
        "start": { "line": 17, "column": 0 },
        "end": { "line": 17, "column": 2 }
      },
      "18": {
        "start": { "line": 19, "column": 0 },
        "end": { "line": 19, "column": 47 }
      },
      "19": {
        "start": { "line": 20, "column": 0 },
        "end": { "line": 20, "column": 65 }
      },
      "20": {
        "start": { "line": 21, "column": 0 },
        "end": { "line": 21, "column": 26 }
      },
      "21": {
        "start": { "line": 22, "column": 0 },
        "end": { "line": 22, "column": 2 }
      },
      "23": {
        "start": { "line": 24, "column": 0 },
        "end": { "line": 24, "column": 55 }
      },
      "24": {
        "start": { "line": 25, "column": 0 },
        "end": { "line": 25, "column": 45 }
      },
      "25": {
        "start": { "line": 26, "column": 0 },
        "end": { "line": 26, "column": 73 }
      },
      "26": {
        "start": { "line": 27, "column": 0 },
        "end": { "line": 27, "column": 32 }
      },
      "28": {
        "start": { "line": 29, "column": 0 },
        "end": { "line": 29, "column": 55 }
      },
      "29": {
        "start": { "line": 30, "column": 0 },
        "end": { "line": 30, "column": 45 }
      },
      "30": {
        "start": { "line": 31, "column": 0 },
        "end": { "line": 31, "column": 41 }
      },
      "32": {
        "start": { "line": 33, "column": 0 },
        "end": { "line": 33, "column": 42 }
      },
      "34": {
        "start": { "line": 35, "column": 0 },
        "end": { "line": 35, "column": 66 }
      },
      "35": {
        "start": { "line": 36, "column": 0 },
        "end": { "line": 36, "column": 2 }
      },
      "37": {
        "start": { "line": 38, "column": 0 },
        "end": { "line": 38, "column": 68 }
      },
      "38": {
        "start": { "line": 39, "column": 0 },
        "end": { "line": 39, "column": 66 }
      },
      "39": {
        "start": { "line": 40, "column": 0 },
        "end": { "line": 40, "column": 26 }
      },
      "40": {
        "start": { "line": 41, "column": 0 },
        "end": { "line": 41, "column": 2 }
      }
    },
    "s": {
      "1": 1,
      "3": 1,
      "4": 4,
      "5": 3,
      "6": 3,
      "8": 1,
      "9": 2,
      "10": 2,
      "11": 2,
      "13": 1,
      "14": 1,
      "15": 1,
      "16": 1,
      "18": 1,
      "19": 2,
      "20": 1,
      "21": 1,
      "23": 1,
      "24": 2,
      "25": 2,
      "26": 2,
      "28": 1,
      "29": 1,
      "30": 1,
      "32": 2,
      "34": 1,
      "35": 1,
      "37": 1,
      "38": 1,
      "39": 1,
      "40": 1
    },
    "branchMap": {
      "0": {
        "type": "branch",
        "line": 4,
        "loc": {
          "start": { "line": 4, "column": 31 },
          "end": { "line": 7, "column": 2 }
        },
        "locations": [
          {
            "start": { "line": 4, "column": 31 },
            "end": { "line": 7, "column": 2 }
          }
        ]
      },
      "1": {
        "type": "branch",
        "line": 5,
        "loc": {
          "start": { "line": 5, "column": 64 },
          "end": { "line": 7, "column": 2 }
        },
        "locations": [
          {
            "start": { "line": 5, "column": 64 },
            "end": { "line": 7, "column": 2 }
          }
        ]
      },
      "2": {
        "type": "branch",
        "line": 9,
        "loc": {
          "start": { "line": 9, "column": 36 },
          "end": { "line": 12, "column": 2 }
        },
        "locations": [
          {
            "start": { "line": 9, "column": 36 },
            "end": { "line": 12, "column": 2 }
          }
        ]
      },
      "3": {
        "type": "branch",
        "line": 14,
        "loc": {
          "start": { "line": 14, "column": 36 },
          "end": { "line": 17, "column": 2 }
        },
        "locations": [
          {
            "start": { "line": 14, "column": 36 },
            "end": { "line": 17, "column": 2 }
          }
        ]
      },
      "4": {
        "type": "branch",
        "line": 19,
        "loc": {
          "start": { "line": 19, "column": 34 },
          "end": { "line": 22, "column": 2 }
        },
        "locations": [
          {
            "start": { "line": 19, "column": 34 },
            "end": { "line": 22, "column": 2 }
          }
        ]
      },
      "5": {
        "type": "branch",
        "line": 20,
        "loc": {
          "start": { "line": 20, "column": 63 },
          "end": { "line": 22, "column": 2 }
        },
        "locations": [
          {
            "start": { "line": 20, "column": 63 },
            "end": { "line": 22, "column": 2 }
          }
        ]
      },
      "6": {
        "type": "branch",
        "line": 24,
        "loc": {
          "start": { "line": 24, "column": 32 },
          "end": { "line": 36, "column": 2 }
        },
        "locations": [
          {
            "start": { "line": 24, "column": 32 },
            "end": { "line": 36, "column": 2 }
          }
        ]
      },
      "7": {
        "type": "branch",
        "line": 27,
        "loc": {
          "start": { "line": 27, "column": 16 },
          "end": { "line": 33, "column": 21 }
        },
        "locations": [
          {
            "start": { "line": 27, "column": 16 },
            "end": { "line": 33, "column": 21 }
          }
        ]
      },
      "8": {
        "type": "branch",
        "line": 33,
        "loc": {
          "start": { "line": 33, "column": 21 },
          "end": { "line": 33, "column": 42 }
        },
        "locations": [
          {
            "start": { "line": 33, "column": 21 },
            "end": { "line": 33, "column": 42 }
          }
        ]
      },
      "9": {
        "type": "branch",
        "line": 33,
        "loc": {
          "start": { "line": 33, "column": 28 },
          "end": { "line": 36, "column": 2 }
        },
        "locations": [
          {
            "start": { "line": 33, "column": 28 },
            "end": { "line": 36, "column": 2 }
          }
        ]
      },
      "10": {
        "type": "branch",
        "line": 26,
        "loc": {
          "start": { "line": 26, "column": 35 },
          "end": { "line": 26, "column": 73 }
        },
        "locations": [
          {
            "start": { "line": 26, "column": 35 },
            "end": { "line": 26, "column": 73 }
          }
        ]
      },
      "11": {
        "type": "branch",
        "line": 38,
        "loc": {
          "start": { "line": 38, "column": 40 },
          "end": { "line": 41, "column": 2 }
        },
        "locations": [
          {
            "start": { "line": 38, "column": 40 },
            "end": { "line": 41, "column": 2 }
          }
        ]
      }
    },
    "b": {
      "0": [4],
      "1": [3],
      "2": [2],
      "3": [1],
      "4": [2],
      "5": [1],
      "6": [2],
      "7": [1],
      "8": [0],
      "9": [1],
      "10": [1],
      "11": [1]
    },
    "fnMap": {
      "0": {
        "name": "fetchTopStories",
        "decl": {
          "start": { "line": 4, "column": 31 },
          "end": { "line": 7, "column": 2 }
        },
        "loc": {
          "start": { "line": 4, "column": 31 },
          "end": { "line": 7, "column": 2 }
        },
        "line": 4
      },
      "1": {
        "name": "fetchTrendingStories",
        "decl": {
          "start": { "line": 9, "column": 36 },
          "end": { "line": 12, "column": 2 }
        },
        "loc": {
          "start": { "line": 9, "column": 36 },
          "end": { "line": 12, "column": 2 }
        },
        "line": 9
      },
      "2": {
        "name": "fetchArchivedStories",
        "decl": {
          "start": { "line": 14, "column": 36 },
          "end": { "line": 17, "column": 2 }
        },
        "loc": {
          "start": { "line": 14, "column": 36 },
          "end": { "line": 17, "column": 2 }
        },
        "line": 14
      },
      "3": {
        "name": "fetchTimesWireNews",
        "decl": {
          "start": { "line": 19, "column": 34 },
          "end": { "line": 22, "column": 2 }
        },
        "loc": {
          "start": { "line": 19, "column": 34 },
          "end": { "line": 22, "column": 2 }
        },
        "line": 19
      },
      "4": {
        "name": "fetchArticleById",
        "decl": {
          "start": { "line": 24, "column": 32 },
          "end": { "line": 36, "column": 2 }
        },
        "loc": {
          "start": { "line": 24, "column": 32 },
          "end": { "line": 36, "column": 2 }
        },
        "line": 24
      },
      "5": {
        "name": "fetchTopStoriesBySection",
        "decl": {
          "start": { "line": 38, "column": 40 },
          "end": { "line": 41, "column": 2 }
        },
        "loc": {
          "start": { "line": 38, "column": 40 },
          "end": { "line": 41, "column": 2 }
        },
        "line": 38
      }
    },
    "f": { "0": 4, "1": 2, "2": 1, "3": 2, "4": 2, "5": 1 }
  },
  "/home/guhan.k/works/Assignments/Phase_2_Project/src/services/axiosInstance.ts": {
    "path": "/home/guhan.k/works/Assignments/Phase_2_Project/src/services/axiosInstance.ts",
    "all": false,
    "statementMap": {
      "0": {
        "start": { "line": 1, "column": 0 },
        "end": { "line": 1, "column": 42 }
      },
      "2": {
        "start": { "line": 3, "column": 0 },
        "end": { "line": 3, "column": 26 }
      },
      "3": {
        "start": { "line": 4, "column": 0 },
        "end": { "line": 4, "column": 37 }
      },
      "4": {
        "start": { "line": 5, "column": 0 },
        "end": { "line": 5, "column": 16 }
      },
      "5": {
        "start": { "line": 6, "column": 0 },
        "end": { "line": 6, "column": 11 }
      },
      "6": {
        "start": { "line": 7, "column": 0 },
        "end": { "line": 7, "column": 48 }
      },
      "7": {
        "start": { "line": 8, "column": 0 },
        "end": { "line": 8, "column": 4 }
      },
      "8": {
        "start": { "line": 9, "column": 0 },
        "end": { "line": 9, "column": 3 }
      },
      "10": {
        "start": { "line": 11, "column": 0 },
        "end": { "line": 11, "column": 30 }
      },
      "11": {
        "start": { "line": 12, "column": 0 },
        "end": { "line": 12, "column": 25 }
      },
      "12": {
        "start": { "line": 13, "column": 0 },
        "end": { "line": 13, "column": 26 }
      },
      "13": {
        "start": { "line": 14, "column": 0 },
        "end": { "line": 14, "column": 36 }
      },
      "14": {
        "start": { "line": 15, "column": 0 },
        "end": { "line": 15, "column": 33 }
      },
      "15": {
        "start": { "line": 16, "column": 0 },
        "end": { "line": 16, "column": 4 }
      },
      "18": {
        "start": { "line": 19, "column": 0 },
        "end": { "line": 19, "column": 19 }
      }
    },
    "s": {
      "0": 1,
      "2": 1,
      "3": 1,
      "4": 1,
      "5": 1,
      "6": 1,
      "7": 1,
      "8": 1,
      "10": 1,
      "11": 1,
      "12": 1,
      "13": 1,
      "14": 1,
      "15": 1,
      "18": 1
    },
    "branchMap": {
      "0": {
        "type": "branch",
        "line": 12,
        "loc": {
          "start": { "line": 12, "column": 2 },
          "end": { "line": 12, "column": 25 }
        },
        "locations": [
          {
            "start": { "line": 12, "column": 2 },
            "end": { "line": 12, "column": 25 }
          }
        ]
      },
      "1": {
        "type": "branch",
        "line": 13,
        "loc": {
          "start": { "line": 13, "column": 2 },
          "end": { "line": 16, "column": 4 }
        },
        "locations": [
          {
            "start": { "line": 13, "column": 2 },
            "end": { "line": 16, "column": 4 }
          }
        ]
      }
    },
    "b": { "0": [9], "1": [1] },
    "fnMap": {
      "0": {
        "name": "API.interceptors.response.use.window.location.href",
        "decl": {
          "start": { "line": 12, "column": 2 },
          "end": { "line": 12, "column": 25 }
        },
        "loc": {
          "start": { "line": 12, "column": 2 },
          "end": { "line": 12, "column": 25 }
        },
        "line": 12
      }
    },
    "f": { "0": 9 }
  },
  "/home/guhan.k/works/Assignments/Phase_2_Project/src/types/article.ts": {
    "path": "/home/guhan.k/works/Assignments/Phase_2_Project/src/types/article.ts",
    "all": true,
    "statementMap": {},
    "s": {},
    "branchMap": {
      "0": {
        "type": "branch",
        "line": 1,
        "loc": {
          "start": { "line": 1, "column": 793 },
          "end": { "line": 45, "column": 2 }
        },
        "locations": [
          {
            "start": { "line": 1, "column": 793 },
            "end": { "line": 45, "column": 2 }
          }
        ]
      }
    },
    "b": { "0": [1] },
    "fnMap": {
      "0": {
        "name": "(empty-report)",
        "decl": {
          "start": { "line": 1, "column": 793 },
          "end": { "line": 45, "column": 2 }
        },
        "loc": {
          "start": { "line": 1, "column": 793 },
          "end": { "line": 45, "column": 2 }
        },
        "line": 1
      }
    },
    "f": { "0": 1 }
  }
}
